<?xml version="1.0" encoding="UTF-8"?>
<testsuite name="nl.tudelft.sem.template.authentication.domain.user.RegistrationServiceTests" tests="3" skipped="0" failures="0" errors="0" timestamp="2022-12-18T12:46:14" hostname="MSI-F1L0" time="2.101">
  <properties/>
  <testcase name="createUser_withMultipleFaculties_worksCorrectly()" classname="nl.tudelft.sem.template.authentication.domain.user.RegistrationServiceTests" time="0.721"/>
  <testcase name="createUser_withExistingUser_throwsException()" classname="nl.tudelft.sem.template.authentication.domain.user.RegistrationServiceTests" time="0.7"/>
  <testcase name="createUser_withValidData_worksCorrectly()" classname="nl.tudelft.sem.template.authentication.domain.user.RegistrationServiceTests" time="0.679"/>
  <system-out><![CDATA[2022-12-18 13:46:14.934  INFO 19816 --- [    Test worker] .b.t.c.SpringBootTestContextBootstrapper : Neither @ContextConfiguration nor @ContextHierarchy found for test class [nl.tudelft.sem.template.authentication.domain.user.RegistrationServiceTests], using SpringBootContextLoader
2022-12-18 13:46:14.935  INFO 19816 --- [    Test worker] o.s.t.c.support.AbstractContextLoader    : Could not detect default resource locations for test class [nl.tudelft.sem.template.authentication.domain.user.RegistrationServiceTests]: no resource found for suffixes {-context.xml, Context.groovy}.
2022-12-18 13:46:14.935  INFO 19816 --- [    Test worker] t.c.s.AnnotationConfigContextLoaderUtils : Could not detect default configuration classes for test class [nl.tudelft.sem.template.authentication.domain.user.RegistrationServiceTests]: RegistrationServiceTests does not declare any static, non-private, non-final, nested classes annotated with @Configuration.
2022-12-18 13:46:14.944  INFO 19816 --- [    Test worker] .b.t.c.SpringBootTestContextBootstrapper : Found @SpringBootConfiguration nl.tudelft.sem.template.authentication.Application for test class nl.tudelft.sem.template.authentication.domain.user.RegistrationServiceTests
2022-12-18 13:46:14.946  INFO 19816 --- [    Test worker] .b.t.c.SpringBootTestContextBootstrapper : Loaded default TestExecutionListener class names from location [META-INF/spring.factories]: [org.springframework.boot.test.autoconfigure.restdocs.RestDocsTestExecutionListener, org.springframework.boot.test.autoconfigure.web.client.MockRestServiceServerResetTestExecutionListener, org.springframework.boot.test.autoconfigure.web.servlet.MockMvcPrintOnlyOnFailureTestExecutionListener, org.springframework.boot.test.autoconfigure.web.servlet.WebDriverTestExecutionListener, org.springframework.boot.test.autoconfigure.webservices.client.MockWebServiceServerTestExecutionListener, org.springframework.boot.test.mock.mockito.MockitoTestExecutionListener, org.springframework.boot.test.mock.mockito.ResetMocksTestExecutionListener, org.springframework.test.context.web.ServletTestExecutionListener, org.springframework.test.context.support.DirtiesContextBeforeModesTestExecutionListener, org.springframework.test.context.support.DependencyInjectionTestExecutionListener, org.springframework.test.context.support.DirtiesContextTestExecutionListener, org.springframework.test.context.transaction.TransactionalTestExecutionListener, org.springframework.test.context.jdbc.SqlScriptsTestExecutionListener, org.springframework.test.context.event.EventPublishingTestExecutionListener]
2022-12-18 13:46:14.946  INFO 19816 --- [    Test worker] .b.t.c.SpringBootTestContextBootstrapper : Using TestExecutionListeners: [org.springframework.test.context.web.ServletTestExecutionListener@7597ae32, org.springframework.test.context.support.DirtiesContextBeforeModesTestExecutionListener@615f61ec, org.springframework.boot.test.mock.mockito.MockitoTestExecutionListener@3c5de17c, org.springframework.boot.test.autoconfigure.SpringBootDependencyInjectionTestExecutionListener@31620971, org.springframework.test.context.support.DirtiesContextTestExecutionListener@794cd751, org.springframework.test.context.transaction.TransactionalTestExecutionListener@63069995, org.springframework.test.context.jdbc.SqlScriptsTestExecutionListener@3003d288, org.springframework.test.context.event.EventPublishingTestExecutionListener@110b6c78, org.springframework.boot.test.autoconfigure.restdocs.RestDocsTestExecutionListener@e62d757, org.springframework.boot.test.autoconfigure.web.client.MockRestServiceServerResetTestExecutionListener@597f2d3f, org.springframework.boot.test.autoconfigure.web.servlet.MockMvcPrintOnlyOnFailureTestExecutionListener@7746330a, org.springframework.boot.test.autoconfigure.web.servlet.WebDriverTestExecutionListener@3de4f936, org.springframework.boot.test.autoconfigure.webservices.client.MockWebServiceServerTestExecutionListener@252459b2, org.springframework.boot.test.mock.mockito.ResetMocksTestExecutionListener@5128efc]
2022-12-18 13:46:14.949  INFO 19816 --- [    Test worker] o.s.s.concurrent.ThreadPoolTaskExecutor  : Shutting down ExecutorService 'applicationTaskExecutor'
2022-12-18 13:46:14.950  INFO 19816 --- [    Test worker] j.LocalContainerEntityManagerFactoryBean : Closing JPA EntityManagerFactory for persistence unit 'default'
2022-12-18 13:46:14.950  INFO 19816 --- [    Test worker] .SchemaDropperImpl$DelayedDropActionImpl : HHH000477: Starting delayed evictData of schema as part of SessionFactory shut-down'

  .   ____          _            __ _ _
 /\\ / ___'_ __ _ _(_)_ __  __ _ \ \ \ \
( ( )\___ | '_ | '_| | '_ \/ _` | \ \ \ \
 \\/  ___)| |_)| | | | | || (_| |  ) ) ) )
  '  |____| .__|_| |_|_| |_\__, | / / / /
 =========|_|==============|___/=/_/_/_/
 :: Spring Boot ::        (v2.3.5.RELEASE)

2022-12-18 13:46:14.981  INFO 19816 --- [    Test worker] n.t.s.t.a.d.u.RegistrationServiceTests   : Starting RegistrationServiceTests on MSI-F1L0 with PID 19816 (started by filip in C:\Users\filip\Desktop\TUDelft\SEM\SEM09b\authentication-microservice)
2022-12-18 13:46:14.981  INFO 19816 --- [    Test worker] n.t.s.t.a.d.u.RegistrationServiceTests   : The following profiles are active: mockPasswordEncoder,test
2022-12-18 13:46:15.081  INFO 19816 --- [    Test worker] .s.d.r.c.RepositoryConfigurationDelegate : Bootstrapping Spring Data JPA repositories in DEFAULT mode.
2022-12-18 13:46:15.090  INFO 19816 --- [    Test worker] .s.d.r.c.RepositoryConfigurationDelegate : Finished Spring Data repository scanning in 8ms. Found 1 JPA repository interfaces.
2022-12-18 13:46:15.200  INFO 19816 --- [    Test worker] o.hibernate.jpa.internal.util.LogHelper  : HHH000204: Processing PersistenceUnitInfo [name: default]
2022-12-18 13:46:15.207  INFO 19816 --- [    Test worker] org.hibernate.dialect.Dialect            : HHH000400: Using dialect: org.hibernate.dialect.H2Dialect
2022-12-18 13:46:15.231  INFO 19816 --- [    Test worker] o.h.e.t.j.p.i.JtaPlatformInitiator       : HHH000490: Using JtaPlatform implementation: [org.hibernate.engine.transaction.jta.platform.internal.NoJtaPlatform]
2022-12-18 13:46:15.231  INFO 19816 --- [    Test worker] j.LocalContainerEntityManagerFactoryBean : Initialized JPA EntityManagerFactory for persistence unit 'default'
2022-12-18 13:46:15.296  WARN 19816 --- [    Test worker] JpaBaseConfiguration$JpaWebConfiguration : spring.jpa.open-in-view is enabled by default. Therefore, database queries may be performed during view rendering. Explicitly configure spring.jpa.open-in-view to disable this warning
2022-12-18 13:46:15.436  INFO 19816 --- [    Test worker] o.s.s.concurrent.ThreadPoolTaskExecutor  : Initializing ExecutorService 'applicationTaskExecutor'
2022-12-18 13:46:15.613  INFO 19816 --- [    Test worker] o.s.s.web.DefaultSecurityFilterChain     : Creating filter chain: any request, [org.springframework.security.web.context.request.async.WebAsyncManagerIntegrationFilter@727eae52, org.springframework.security.web.context.SecurityContextPersistenceFilter@2ab4c4e, org.springframework.security.web.header.HeaderWriterFilter@419ac0f5, org.springframework.security.web.authentication.logout.LogoutFilter@4ce1ab4c, org.springframework.security.web.savedrequest.RequestCacheAwareFilter@1cad8bce, org.springframework.security.web.servletapi.SecurityContextHolderAwareRequestFilter@ba77dc6, org.springframework.security.web.authentication.AnonymousAuthenticationFilter@237bdd46, org.springframework.security.web.session.SessionManagementFilter@628fa8ea, org.springframework.security.web.access.ExceptionTranslationFilter@3a649f9a, org.springframework.security.web.access.intercept.FilterSecurityInterceptor@5b628249]
2022-12-18 13:46:15.644  INFO 19816 --- [    Test worker] n.t.s.t.a.d.u.RegistrationServiceTests   : Started RegistrationServiceTests in 0.692 seconds (JVM running for 7.637)
Account (SomeUser) was created.
2022-12-18 13:46:15.670  INFO 19816 --- [    Test worker] o.s.s.concurrent.ThreadPoolTaskExecutor  : Shutting down ExecutorService 'applicationTaskExecutor'
2022-12-18 13:46:15.671  INFO 19816 --- [    Test worker] j.LocalContainerEntityManagerFactoryBean : Closing JPA EntityManagerFactory for persistence unit 'default'
2022-12-18 13:46:15.671  INFO 19816 --- [    Test worker] .SchemaDropperImpl$DelayedDropActionImpl : HHH000477: Starting delayed evictData of schema as part of SessionFactory shut-down'

  .   ____          _            __ _ _
 /\\ / ___'_ __ _ _(_)_ __  __ _ \ \ \ \
( ( )\___ | '_ | '_| | '_ \/ _` | \ \ \ \
 \\/  ___)| |_)| | | | | || (_| |  ) ) ) )
  '  |____| .__|_| |_|_| |_\__, | / / / /
 =========|_|==============|___/=/_/_/_/
 :: Spring Boot ::        (v2.3.5.RELEASE)

2022-12-18 13:46:15.699  INFO 19816 --- [    Test worker] n.t.s.t.a.d.u.RegistrationServiceTests   : Starting RegistrationServiceTests on MSI-F1L0 with PID 19816 (started by filip in C:\Users\filip\Desktop\TUDelft\SEM\SEM09b\authentication-microservice)
2022-12-18 13:46:15.699  INFO 19816 --- [    Test worker] n.t.s.t.a.d.u.RegistrationServiceTests   : The following profiles are active: mockPasswordEncoder,test
2022-12-18 13:46:15.800  INFO 19816 --- [    Test worker] .s.d.r.c.RepositoryConfigurationDelegate : Bootstrapping Spring Data JPA repositories in DEFAULT mode.
2022-12-18 13:46:15.809  INFO 19816 --- [    Test worker] .s.d.r.c.RepositoryConfigurationDelegate : Finished Spring Data repository scanning in 8ms. Found 1 JPA repository interfaces.
2022-12-18 13:46:15.914  INFO 19816 --- [    Test worker] o.hibernate.jpa.internal.util.LogHelper  : HHH000204: Processing PersistenceUnitInfo [name: default]
2022-12-18 13:46:15.920  INFO 19816 --- [    Test worker] org.hibernate.dialect.Dialect            : HHH000400: Using dialect: org.hibernate.dialect.H2Dialect
2022-12-18 13:46:15.945  INFO 19816 --- [    Test worker] o.h.e.t.j.p.i.JtaPlatformInitiator       : HHH000490: Using JtaPlatform implementation: [org.hibernate.engine.transaction.jta.platform.internal.NoJtaPlatform]
2022-12-18 13:46:15.946  INFO 19816 --- [    Test worker] j.LocalContainerEntityManagerFactoryBean : Initialized JPA EntityManagerFactory for persistence unit 'default'
2022-12-18 13:46:16.009  WARN 19816 --- [    Test worker] JpaBaseConfiguration$JpaWebConfiguration : spring.jpa.open-in-view is enabled by default. Therefore, database queries may be performed during view rendering. Explicitly configure spring.jpa.open-in-view to disable this warning
2022-12-18 13:46:16.147  INFO 19816 --- [    Test worker] o.s.s.concurrent.ThreadPoolTaskExecutor  : Initializing ExecutorService 'applicationTaskExecutor'
2022-12-18 13:46:16.324  INFO 19816 --- [    Test worker] o.s.s.web.DefaultSecurityFilterChain     : Creating filter chain: any request, [org.springframework.security.web.context.request.async.WebAsyncManagerIntegrationFilter@747795d7, org.springframework.security.web.context.SecurityContextPersistenceFilter@61b3de5b, org.springframework.security.web.header.HeaderWriterFilter@67aedd28, org.springframework.security.web.authentication.logout.LogoutFilter@113b39e9, org.springframework.security.web.savedrequest.RequestCacheAwareFilter@12c1826, org.springframework.security.web.servletapi.SecurityContextHolderAwareRequestFilter@107ac2b6, org.springframework.security.web.authentication.AnonymousAuthenticationFilter@35408036, org.springframework.security.web.session.SessionManagementFilter@6c524a7f, org.springframework.security.web.access.ExceptionTranslationFilter@66d0d5ee, org.springframework.security.web.access.intercept.FilterSecurityInterceptor@3bf92d96]
2022-12-18 13:46:16.355  INFO 19816 --- [    Test worker] n.t.s.t.a.d.u.RegistrationServiceTests   : Started RegistrationServiceTests in 0.68 seconds (JVM running for 8.347)
Account (SomeUser) was created.
2022-12-18 13:46:16.372  INFO 19816 --- [    Test worker] o.s.s.concurrent.ThreadPoolTaskExecutor  : Shutting down ExecutorService 'applicationTaskExecutor'
2022-12-18 13:46:16.372  INFO 19816 --- [    Test worker] j.LocalContainerEntityManagerFactoryBean : Closing JPA EntityManagerFactory for persistence unit 'default'
2022-12-18 13:46:16.372  INFO 19816 --- [    Test worker] .SchemaDropperImpl$DelayedDropActionImpl : HHH000477: Starting delayed evictData of schema as part of SessionFactory shut-down'

  .   ____          _            __ _ _
 /\\ / ___'_ __ _ _(_)_ __  __ _ \ \ \ \
( ( )\___ | '_ | '_| | '_ \/ _` | \ \ \ \
 \\/  ___)| |_)| | | | | || (_| |  ) ) ) )
  '  |____| .__|_| |_|_| |_\__, | / / / /
 =========|_|==============|___/=/_/_/_/
 :: Spring Boot ::        (v2.3.5.RELEASE)

2022-12-18 13:46:16.400  INFO 19816 --- [    Test worker] n.t.s.t.a.d.u.RegistrationServiceTests   : Starting RegistrationServiceTests on MSI-F1L0 with PID 19816 (started by filip in C:\Users\filip\Desktop\TUDelft\SEM\SEM09b\authentication-microservice)
2022-12-18 13:46:16.401  INFO 19816 --- [    Test worker] n.t.s.t.a.d.u.RegistrationServiceTests   : The following profiles are active: mockPasswordEncoder,test
2022-12-18 13:46:16.501  INFO 19816 --- [    Test worker] .s.d.r.c.RepositoryConfigurationDelegate : Bootstrapping Spring Data JPA repositories in DEFAULT mode.
2022-12-18 13:46:16.510  INFO 19816 --- [    Test worker] .s.d.r.c.RepositoryConfigurationDelegate : Finished Spring Data repository scanning in 8ms. Found 1 JPA repository interfaces.
2022-12-18 13:46:16.607  INFO 19816 --- [    Test worker] o.hibernate.jpa.internal.util.LogHelper  : HHH000204: Processing PersistenceUnitInfo [name: default]
2022-12-18 13:46:16.612  INFO 19816 --- [    Test worker] org.hibernate.dialect.Dialect            : HHH000400: Using dialect: org.hibernate.dialect.H2Dialect
2022-12-18 13:46:16.635  INFO 19816 --- [    Test worker] o.h.e.t.j.p.i.JtaPlatformInitiator       : HHH000490: Using JtaPlatform implementation: [org.hibernate.engine.transaction.jta.platform.internal.NoJtaPlatform]
2022-12-18 13:46:16.636  INFO 19816 --- [    Test worker] j.LocalContainerEntityManagerFactoryBean : Initialized JPA EntityManagerFactory for persistence unit 'default'
2022-12-18 13:46:16.695  WARN 19816 --- [    Test worker] JpaBaseConfiguration$JpaWebConfiguration : spring.jpa.open-in-view is enabled by default. Therefore, database queries may be performed during view rendering. Explicitly configure spring.jpa.open-in-view to disable this warning
2022-12-18 13:46:16.831  INFO 19816 --- [    Test worker] o.s.s.concurrent.ThreadPoolTaskExecutor  : Initializing ExecutorService 'applicationTaskExecutor'
2022-12-18 13:46:17.005  INFO 19816 --- [    Test worker] o.s.s.web.DefaultSecurityFilterChain     : Creating filter chain: any request, [org.springframework.security.web.context.request.async.WebAsyncManagerIntegrationFilter@60ee1a29, org.springframework.security.web.context.SecurityContextPersistenceFilter@635b3ec7, org.springframework.security.web.header.HeaderWriterFilter@71cf6e8c, org.springframework.security.web.authentication.logout.LogoutFilter@74fbee59, org.springframework.security.web.savedrequest.RequestCacheAwareFilter@1f9b86f5, org.springframework.security.web.servletapi.SecurityContextHolderAwareRequestFilter@15aa3084, org.springframework.security.web.authentication.AnonymousAuthenticationFilter@6142b9dd, org.springframework.security.web.session.SessionManagementFilter@7545cb17, org.springframework.security.web.access.ExceptionTranslationFilter@28ba90c1, org.springframework.security.web.access.intercept.FilterSecurityInterceptor@747e0a31]
2022-12-18 13:46:17.034  INFO 19816 --- [    Test worker] n.t.s.t.a.d.u.RegistrationServiceTests   : Started RegistrationServiceTests in 0.659 seconds (JVM running for 9.026)
Account (SomeUser) was created.
]]></system-out>
  <system-err><![CDATA[]]></system-err>
</testsuite>
