<?xml version="1.0" encoding="UTF-8"?>
<testsuite name="nl.tudelft.sem.template.authentication.authentication.JwtUserDetailsServiceTests" tests="2" skipped="0" failures="0" errors="0" timestamp="2022-12-13T14:19:14" hostname="MSI-F1L0" time="2.246">
  <properties/>
  <testcase name="loadUserByUsername_withNonexistentUser_throwsException()" classname="nl.tudelft.sem.template.authentication.authentication.JwtUserDetailsServiceTests" time="1.28"/>
  <testcase name="loadUserByUsername_withValidUser_returnsCorrectUser()" classname="nl.tudelft.sem.template.authentication.authentication.JwtUserDetailsServiceTests" time="0.966"/>
  <system-out><![CDATA[15:19:10.708 [Test worker] DEBUG org.springframework.test.context.BootstrapUtils - Instantiating CacheAwareContextLoaderDelegate from class [org.springframework.test.context.cache.DefaultCacheAwareContextLoaderDelegate]
15:19:10.724 [Test worker] DEBUG org.springframework.test.context.BootstrapUtils - Instantiating BootstrapContext using constructor [public org.springframework.test.context.support.DefaultBootstrapContext(java.lang.Class,org.springframework.test.context.CacheAwareContextLoaderDelegate)]
15:19:10.773 [Test worker] DEBUG org.springframework.test.context.BootstrapUtils - Instantiating TestContextBootstrapper for test class [nl.tudelft.sem.template.authentication.authentication.JwtUserDetailsServiceTests] from class [org.springframework.boot.test.context.SpringBootTestContextBootstrapper]
15:19:10.792 [Test worker] INFO org.springframework.boot.test.context.SpringBootTestContextBootstrapper - Neither @ContextConfiguration nor @ContextHierarchy found for test class [nl.tudelft.sem.template.authentication.authentication.JwtUserDetailsServiceTests], using SpringBootContextLoader
15:19:10.796 [Test worker] DEBUG org.springframework.test.context.support.AbstractContextLoader - Did not detect default resource location for test class [nl.tudelft.sem.template.authentication.authentication.JwtUserDetailsServiceTests]: class path resource [nl/tudelft/sem/template/authentication/authentication/JwtUserDetailsServiceTests-context.xml] does not exist
15:19:10.796 [Test worker] DEBUG org.springframework.test.context.support.AbstractContextLoader - Did not detect default resource location for test class [nl.tudelft.sem.template.authentication.authentication.JwtUserDetailsServiceTests]: class path resource [nl/tudelft/sem/template/authentication/authentication/JwtUserDetailsServiceTestsContext.groovy] does not exist
15:19:10.796 [Test worker] INFO org.springframework.test.context.support.AbstractContextLoader - Could not detect default resource locations for test class [nl.tudelft.sem.template.authentication.authentication.JwtUserDetailsServiceTests]: no resource found for suffixes {-context.xml, Context.groovy}.
15:19:10.797 [Test worker] INFO org.springframework.test.context.support.AnnotationConfigContextLoaderUtils - Could not detect default configuration classes for test class [nl.tudelft.sem.template.authentication.authentication.JwtUserDetailsServiceTests]: JwtUserDetailsServiceTests does not declare any static, non-private, non-final, nested classes annotated with @Configuration.
15:19:10.894 [Test worker] DEBUG org.springframework.context.annotation.ClassPathScanningCandidateComponentProvider - Identified candidate component class: file [C:\Users\filip\Desktop\TUDelft\SEM\SEM09b\authentication-microservice\build\classes\java\main\nl\tudelft\sem\template\authentication\Application.class]
15:19:10.895 [Test worker] INFO org.springframework.boot.test.context.SpringBootTestContextBootstrapper - Found @SpringBootConfiguration nl.tudelft.sem.template.authentication.Application for test class nl.tudelft.sem.template.authentication.authentication.JwtUserDetailsServiceTests
15:19:10.975 [Test worker] DEBUG org.springframework.boot.test.context.SpringBootTestContextBootstrapper - @TestExecutionListeners is not present for class [nl.tudelft.sem.template.authentication.authentication.JwtUserDetailsServiceTests]: using defaults.
15:19:10.976 [Test worker] INFO org.springframework.boot.test.context.SpringBootTestContextBootstrapper - Loaded default TestExecutionListener class names from location [META-INF/spring.factories]: [org.springframework.boot.test.autoconfigure.restdocs.RestDocsTestExecutionListener, org.springframework.boot.test.autoconfigure.web.client.MockRestServiceServerResetTestExecutionListener, org.springframework.boot.test.autoconfigure.web.servlet.MockMvcPrintOnlyOnFailureTestExecutionListener, org.springframework.boot.test.autoconfigure.web.servlet.WebDriverTestExecutionListener, org.springframework.boot.test.autoconfigure.webservices.client.MockWebServiceServerTestExecutionListener, org.springframework.boot.test.mock.mockito.MockitoTestExecutionListener, org.springframework.boot.test.mock.mockito.ResetMocksTestExecutionListener, org.springframework.test.context.web.ServletTestExecutionListener, org.springframework.test.context.support.DirtiesContextBeforeModesTestExecutionListener, org.springframework.test.context.support.DependencyInjectionTestExecutionListener, org.springframework.test.context.support.DirtiesContextTestExecutionListener, org.springframework.test.context.transaction.TransactionalTestExecutionListener, org.springframework.test.context.jdbc.SqlScriptsTestExecutionListener, org.springframework.test.context.event.EventPublishingTestExecutionListener]
15:19:10.990 [Test worker] INFO org.springframework.boot.test.context.SpringBootTestContextBootstrapper - Using TestExecutionListeners: [org.springframework.test.context.web.ServletTestExecutionListener@7f6874f2, org.springframework.test.context.support.DirtiesContextBeforeModesTestExecutionListener@1a6dc589, org.springframework.boot.test.mock.mockito.MockitoTestExecutionListener@697a34af, org.springframework.boot.test.autoconfigure.SpringBootDependencyInjectionTestExecutionListener@70211df5, org.springframework.test.context.support.DirtiesContextTestExecutionListener@4c5228e7, org.springframework.test.context.transaction.TransactionalTestExecutionListener@38e7ed69, org.springframework.test.context.jdbc.SqlScriptsTestExecutionListener@806996, org.springframework.test.context.event.EventPublishingTestExecutionListener@78b612c6, org.springframework.boot.test.autoconfigure.restdocs.RestDocsTestExecutionListener@257e0827, org.springframework.boot.test.autoconfigure.web.client.MockRestServiceServerResetTestExecutionListener@22752544, org.springframework.boot.test.autoconfigure.web.servlet.MockMvcPrintOnlyOnFailureTestExecutionListener@21ba2445, org.springframework.boot.test.autoconfigure.web.servlet.WebDriverTestExecutionListener@69d23296, org.springframework.boot.test.autoconfigure.webservices.client.MockWebServiceServerTestExecutionListener@3c3820bb, org.springframework.boot.test.mock.mockito.ResetMocksTestExecutionListener@376c7d7d]
15:19:10.993 [Test worker] DEBUG org.springframework.test.context.support.AbstractDirtiesContextTestExecutionListener - Before test class: context [DefaultTestContext@5b3bb1f7 testClass = JwtUserDetailsServiceTests, testInstance = [null], testMethod = [null], testException = [null], mergedContextConfiguration = [WebMergedContextConfiguration@58d6b7b9 testClass = JwtUserDetailsServiceTests, locations = '{}', classes = '{class nl.tudelft.sem.template.authentication.Application}', contextInitializerClasses = '[]', activeProfiles = '{mockPasswordEncoder, test}', propertySourceLocations = '{}', propertySourceProperties = '{org.springframework.boot.test.context.SpringBootTestContextBootstrapper=true}', contextCustomizers = set[org.springframework.boot.test.autoconfigure.properties.PropertyMappingContextCustomizer@0, org.springframework.boot.test.autoconfigure.web.servlet.WebDriverContextCustomizerFactory$Customizer@fb713e7, org.springframework.boot.test.context.filter.ExcludeFilterContextCustomizer@158f4cfe, org.springframework.boot.test.json.DuplicateJsonObjectContextCustomizerFactory$DuplicateJsonObjectContextCustomizer@6c6333cd, org.springframework.boot.test.mock.mockito.MockitoContextCustomizer@0, org.springframework.boot.test.web.client.TestRestTemplateContextCustomizer@10823d72, org.springframework.boot.test.context.SpringBootTestArgs@1, org.springframework.boot.test.context.SpringBootTestWebEnvironment@673fdbce], resourceBasePath = 'src/main/webapp', contextLoader = 'org.springframework.boot.test.context.SpringBootContextLoader', parent = [null]], attributes = map['org.springframework.test.context.web.ServletTestExecutionListener.activateListener' -> true]], class annotated with @DirtiesContext [true] with mode [BEFORE_EACH_TEST_METHOD].
15:19:11.011 [Test worker] DEBUG org.springframework.core.env.StandardEnvironment - Activating profiles [mockPasswordEncoder, test]
15:19:11.015 [Test worker] DEBUG org.springframework.test.context.support.TestPropertySourceUtils - Adding inlined properties to environment: {spring.jmx.enabled=false, org.springframework.boot.test.context.SpringBootTestContextBootstrapper=true}

  .   ____          _            __ _ _
 /\\ / ___'_ __ _ _(_)_ __  __ _ \ \ \ \
( ( )\___ | '_ | '_| | '_ \/ _` | \ \ \ \
 \\/  ___)| |_)| | | | | || (_| |  ) ) ) )
  '  |____| .__|_| |_|_| |_\__, | / / / /
 =========|_|==============|___/=/_/_/_/
 :: Spring Boot ::        (v2.3.5.RELEASE)

2022-12-13 15:19:11.271  INFO 23700 --- [    Test worker] n.t.s.t.a.a.JwtUserDetailsServiceTests   : Starting JwtUserDetailsServiceTests on MSI-F1L0 with PID 23700 (started by filip in C:\Users\filip\Desktop\TUDelft\SEM\SEM09b\authentication-microservice)
2022-12-13 15:19:11.272  INFO 23700 --- [    Test worker] n.t.s.t.a.a.JwtUserDetailsServiceTests   : The following profiles are active: mockPasswordEncoder,test
2022-12-13 15:19:11.699  INFO 23700 --- [    Test worker] .s.d.r.c.RepositoryConfigurationDelegate : Bootstrapping Spring Data JPA repositories in DEFAULT mode.
2022-12-13 15:19:11.752  INFO 23700 --- [    Test worker] .s.d.r.c.RepositoryConfigurationDelegate : Finished Spring Data repository scanning in 44ms. Found 1 JPA repository interfaces.
2022-12-13 15:19:12.475  INFO 23700 --- [    Test worker] o.hibernate.jpa.internal.util.LogHelper  : HHH000204: Processing PersistenceUnitInfo [name: default]
2022-12-13 15:19:12.532  INFO 23700 --- [    Test worker] org.hibernate.Version                    : HHH000412: Hibernate ORM core version 5.4.22.Final
2022-12-13 15:19:12.579  INFO 23700 --- [    Test worker] o.hibernate.annotations.common.Version   : HCANN000001: Hibernate Commons Annotations {5.1.0.Final}
2022-12-13 15:19:12.854  INFO 23700 --- [    Test worker] org.hibernate.dialect.Dialect            : HHH000400: Using dialect: org.hibernate.dialect.H2Dialect
2022-12-13 15:19:13.338  INFO 23700 --- [    Test worker] o.h.e.t.j.p.i.JtaPlatformInitiator       : HHH000490: Using JtaPlatform implementation: [org.hibernate.engine.transaction.jta.platform.internal.NoJtaPlatform]
2022-12-13 15:19:13.344  INFO 23700 --- [    Test worker] j.LocalContainerEntityManagerFactoryBean : Initialized JPA EntityManagerFactory for persistence unit 'default'
2022-12-13 15:19:13.719  WARN 23700 --- [    Test worker] JpaBaseConfiguration$JpaWebConfiguration : spring.jpa.open-in-view is enabled by default. Therefore, database queries may be performed during view rendering. Explicitly configure spring.jpa.open-in-view to disable this warning
2022-12-13 15:19:14.156  INFO 23700 --- [    Test worker] o.s.s.concurrent.ThreadPoolTaskExecutor  : Initializing ExecutorService 'applicationTaskExecutor'
2022-12-13 15:19:14.658  INFO 23700 --- [    Test worker] o.s.s.web.DefaultSecurityFilterChain     : Creating filter chain: any request, [org.springframework.security.web.context.request.async.WebAsyncManagerIntegrationFilter@7c4de811, org.springframework.security.web.context.SecurityContextPersistenceFilter@7c55e559, org.springframework.security.web.header.HeaderWriterFilter@5ce1ec7, org.springframework.security.web.authentication.logout.LogoutFilter@6888746c, org.springframework.security.web.savedrequest.RequestCacheAwareFilter@4d4337f9, org.springframework.security.web.servletapi.SecurityContextHolderAwareRequestFilter@659565ed, org.springframework.security.web.authentication.AnonymousAuthenticationFilter@443b9ebb, org.springframework.security.web.session.SessionManagementFilter@d03cdc7, org.springframework.security.web.access.ExceptionTranslationFilter@20a7ce0, org.springframework.security.web.access.intercept.FilterSecurityInterceptor@48543f11]
2022-12-13 15:19:14.730  INFO 23700 --- [    Test worker] n.t.s.t.a.a.JwtUserDetailsServiceTests   : Started JwtUserDetailsServiceTests in 3.707 seconds (JVM running for 6.671)
2022-12-13 15:19:14.753  INFO 23700 --- [    Test worker] o.s.s.concurrent.ThreadPoolTaskExecutor  : Shutting down ExecutorService 'applicationTaskExecutor'
2022-12-13 15:19:14.754  INFO 23700 --- [    Test worker] j.LocalContainerEntityManagerFactoryBean : Closing JPA EntityManagerFactory for persistence unit 'default'
2022-12-13 15:19:14.754  INFO 23700 --- [    Test worker] .SchemaDropperImpl$DelayedDropActionImpl : HHH000477: Starting delayed evictData of schema as part of SessionFactory shut-down'

  .   ____          _            __ _ _
 /\\ / ___'_ __ _ _(_)_ __  __ _ \ \ \ \
( ( )\___ | '_ | '_| | '_ \/ _` | \ \ \ \
 \\/  ___)| |_)| | | | | || (_| |  ) ) ) )
  '  |____| .__|_| |_|_| |_\__, | / / / /
 =========|_|==============|___/=/_/_/_/
 :: Spring Boot ::        (v2.3.5.RELEASE)

2022-12-13 15:19:14.795  INFO 23700 --- [    Test worker] n.t.s.t.a.a.JwtUserDetailsServiceTests   : Starting JwtUserDetailsServiceTests on MSI-F1L0 with PID 23700 (started by filip in C:\Users\filip\Desktop\TUDelft\SEM\SEM09b\authentication-microservice)
2022-12-13 15:19:14.796  INFO 23700 --- [    Test worker] n.t.s.t.a.a.JwtUserDetailsServiceTests   : The following profiles are active: mockPasswordEncoder,test
2022-12-13 15:19:14.943  INFO 23700 --- [    Test worker] .s.d.r.c.RepositoryConfigurationDelegate : Bootstrapping Spring Data JPA repositories in DEFAULT mode.
2022-12-13 15:19:14.954  INFO 23700 --- [    Test worker] .s.d.r.c.RepositoryConfigurationDelegate : Finished Spring Data repository scanning in 10ms. Found 1 JPA repository interfaces.
2022-12-13 15:19:15.104  INFO 23700 --- [    Test worker] o.hibernate.jpa.internal.util.LogHelper  : HHH000204: Processing PersistenceUnitInfo [name: default]
2022-12-13 15:19:15.110  INFO 23700 --- [    Test worker] org.hibernate.dialect.Dialect            : HHH000400: Using dialect: org.hibernate.dialect.H2Dialect
2022-12-13 15:19:15.140  INFO 23700 --- [    Test worker] o.h.e.t.j.p.i.JtaPlatformInitiator       : HHH000490: Using JtaPlatform implementation: [org.hibernate.engine.transaction.jta.platform.internal.NoJtaPlatform]
2022-12-13 15:19:15.140  INFO 23700 --- [    Test worker] j.LocalContainerEntityManagerFactoryBean : Initialized JPA EntityManagerFactory for persistence unit 'default'
2022-12-13 15:19:15.281  WARN 23700 --- [    Test worker] JpaBaseConfiguration$JpaWebConfiguration : spring.jpa.open-in-view is enabled by default. Therefore, database queries may be performed during view rendering. Explicitly configure spring.jpa.open-in-view to disable this warning
2022-12-13 15:19:15.559  INFO 23700 --- [    Test worker] o.s.s.concurrent.ThreadPoolTaskExecutor  : Initializing ExecutorService 'applicationTaskExecutor'
2022-12-13 15:19:15.768  INFO 23700 --- [    Test worker] o.s.s.web.DefaultSecurityFilterChain     : Creating filter chain: any request, [org.springframework.security.web.context.request.async.WebAsyncManagerIntegrationFilter@395854dd, org.springframework.security.web.context.SecurityContextPersistenceFilter@456beb8b, org.springframework.security.web.header.HeaderWriterFilter@54dc163a, org.springframework.security.web.authentication.logout.LogoutFilter@19370af1, org.springframework.security.web.savedrequest.RequestCacheAwareFilter@191cf38f, org.springframework.security.web.servletapi.SecurityContextHolderAwareRequestFilter@2dc54b50, org.springframework.security.web.authentication.AnonymousAuthenticationFilter@53b60595, org.springframework.security.web.session.SessionManagementFilter@5bbeb9e3, org.springframework.security.web.access.ExceptionTranslationFilter@45f32b12, org.springframework.security.web.access.intercept.FilterSecurityInterceptor@16a89351]
2022-12-13 15:19:15.826  INFO 23700 --- [    Test worker] n.t.s.t.a.a.JwtUserDetailsServiceTests   : Started JwtUserDetailsServiceTests in 1.065 seconds (JVM running for 7.768)
Account (AnotherUser) was created.
2022-12-13 15:19:16.033  INFO 23700 --- [    Test worker] o.s.s.concurrent.ThreadPoolTaskExecutor  : Shutting down ExecutorService 'applicationTaskExecutor'
2022-12-13 15:19:16.034  INFO 23700 --- [    Test worker] j.LocalContainerEntityManagerFactoryBean : Closing JPA EntityManagerFactory for persistence unit 'default'
2022-12-13 15:19:16.035  INFO 23700 --- [    Test worker] .SchemaDropperImpl$DelayedDropActionImpl : HHH000477: Starting delayed evictData of schema as part of SessionFactory shut-down'

  .   ____          _            __ _ _
 /\\ / ___'_ __ _ _(_)_ __  __ _ \ \ \ \
( ( )\___ | '_ | '_| | '_ \/ _` | \ \ \ \
 \\/  ___)| |_)| | | | | || (_| |  ) ) ) )
  '  |____| .__|_| |_|_| |_\__, | / / / /
 =========|_|==============|___/=/_/_/_/
 :: Spring Boot ::        (v2.3.5.RELEASE)

2022-12-13 15:19:16.076  INFO 23700 --- [    Test worker] n.t.s.t.a.a.JwtUserDetailsServiceTests   : Starting JwtUserDetailsServiceTests on MSI-F1L0 with PID 23700 (started by filip in C:\Users\filip\Desktop\TUDelft\SEM\SEM09b\authentication-microservice)
2022-12-13 15:19:16.076  INFO 23700 --- [    Test worker] n.t.s.t.a.a.JwtUserDetailsServiceTests   : The following profiles are active: mockPasswordEncoder,test
2022-12-13 15:19:16.227  INFO 23700 --- [    Test worker] .s.d.r.c.RepositoryConfigurationDelegate : Bootstrapping Spring Data JPA repositories in DEFAULT mode.
2022-12-13 15:19:16.240  INFO 23700 --- [    Test worker] .s.d.r.c.RepositoryConfigurationDelegate : Finished Spring Data repository scanning in 12ms. Found 1 JPA repository interfaces.
2022-12-13 15:19:16.409  INFO 23700 --- [    Test worker] o.hibernate.jpa.internal.util.LogHelper  : HHH000204: Processing PersistenceUnitInfo [name: default]
2022-12-13 15:19:16.415  INFO 23700 --- [    Test worker] org.hibernate.dialect.Dialect            : HHH000400: Using dialect: org.hibernate.dialect.H2Dialect
2022-12-13 15:19:16.444  INFO 23700 --- [    Test worker] o.h.e.t.j.p.i.JtaPlatformInitiator       : HHH000490: Using JtaPlatform implementation: [org.hibernate.engine.transaction.jta.platform.internal.NoJtaPlatform]
2022-12-13 15:19:16.444  INFO 23700 --- [    Test worker] j.LocalContainerEntityManagerFactoryBean : Initialized JPA EntityManagerFactory for persistence unit 'default'
2022-12-13 15:19:16.527  WARN 23700 --- [    Test worker] JpaBaseConfiguration$JpaWebConfiguration : spring.jpa.open-in-view is enabled by default. Therefore, database queries may be performed during view rendering. Explicitly configure spring.jpa.open-in-view to disable this warning
2022-12-13 15:19:16.692  INFO 23700 --- [    Test worker] o.s.s.concurrent.ThreadPoolTaskExecutor  : Initializing ExecutorService 'applicationTaskExecutor'
2022-12-13 15:19:16.929  INFO 23700 --- [    Test worker] o.s.s.web.DefaultSecurityFilterChain     : Creating filter chain: any request, [org.springframework.security.web.context.request.async.WebAsyncManagerIntegrationFilter@51617b93, org.springframework.security.web.context.SecurityContextPersistenceFilter@7244b40e, org.springframework.security.web.header.HeaderWriterFilter@50c9b080, org.springframework.security.web.authentication.logout.LogoutFilter@7e3c5ef1, org.springframework.security.web.savedrequest.RequestCacheAwareFilter@5d8de4bd, org.springframework.security.web.servletapi.SecurityContextHolderAwareRequestFilter@405d123c, org.springframework.security.web.authentication.AnonymousAuthenticationFilter@23471f48, org.springframework.security.web.session.SessionManagementFilter@2ea8f277, org.springframework.security.web.access.ExceptionTranslationFilter@ae4a043, org.springframework.security.web.access.intercept.FilterSecurityInterceptor@2a10a99b]
2022-12-13 15:19:16.968  INFO 23700 --- [    Test worker] n.t.s.t.a.a.JwtUserDetailsServiceTests   : Started JwtUserDetailsServiceTests in 0.927 seconds (JVM running for 8.91)
Account (SomeUser) was created.
]]></system-out>
  <system-err><![CDATA[]]></system-err>
</testsuite>
