<?xml version="1.0" encoding="UTF-8"?>
<testsuite name="nl.tudelft.sem.template.authentication.authentication.JwtTokenGeneratorTests" tests="3" skipped="0" failures="0" errors="0" timestamp="2022-12-18T12:46:08" hostname="MSI-F1L0" time="0.691">
  <properties/>
  <testcase name="generatedTokenHasCorrectNetId()" classname="nl.tudelft.sem.template.authentication.authentication.JwtTokenGeneratorTests" time="0.681"/>
  <testcase name="generatedTokenHasCorrectExpirationDate()" classname="nl.tudelft.sem.template.authentication.authentication.JwtTokenGeneratorTests" time="0.007"/>
  <testcase name="generatedTokenHasCorrectIssuanceDate()" classname="nl.tudelft.sem.template.authentication.authentication.JwtTokenGeneratorTests" time="0.003"/>
  <system-out><![CDATA[]]></system-out>
  <system-err><![CDATA[]]></system-err>
</testsuite>
