<?xml version="1.0" encoding="UTF-8"?>
<testsuite name="nl.tudelft.sem.template.authentication.integration.UsersTests" tests="5" skipped="0" failures="0" errors="0" timestamp="2022-12-18T12:46:17" hostname="MSI-F1L0" time="3.384">
  <properties/>
  <testcase name="login_withInvalidPassword_returns403()" classname="nl.tudelft.sem.template.authentication.integration.UsersTests" time="0.792"/>
  <testcase name="login_withValidUser_returnsToken()" classname="nl.tudelft.sem.template.authentication.integration.UsersTests" time="0.686"/>
  <testcase name="register_withValidData_worksCorrectly()" classname="nl.tudelft.sem.template.authentication.integration.UsersTests" time="0.663"/>
  <testcase name="login_withNonexistentUsername_returns403()" classname="nl.tudelft.sem.template.authentication.integration.UsersTests" time="0.618"/>
  <testcase name="register_withExistingUser_throwsException()" classname="nl.tudelft.sem.template.authentication.integration.UsersTests" time="0.623"/>
  <system-out><![CDATA[2022-12-18 13:46:17.052  INFO 19816 --- [    Test worker] .b.t.c.SpringBootTestContextBootstrapper : Neither @ContextConfiguration nor @ContextHierarchy found for test class [nl.tudelft.sem.template.authentication.integration.UsersTests], using SpringBootContextLoader
2022-12-18 13:46:17.053  INFO 19816 --- [    Test worker] o.s.t.c.support.AbstractContextLoader    : Could not detect default resource locations for test class [nl.tudelft.sem.template.authentication.integration.UsersTests]: no resource found for suffixes {-context.xml, Context.groovy}.
2022-12-18 13:46:17.053  INFO 19816 --- [    Test worker] t.c.s.AnnotationConfigContextLoaderUtils : Could not detect default configuration classes for test class [nl.tudelft.sem.template.authentication.integration.UsersTests]: UsersTests does not declare any static, non-private, non-final, nested classes annotated with @Configuration.
2022-12-18 13:46:17.060  INFO 19816 --- [    Test worker] .b.t.c.SpringBootTestContextBootstrapper : Found @SpringBootConfiguration nl.tudelft.sem.template.authentication.Application for test class nl.tudelft.sem.template.authentication.integration.UsersTests
2022-12-18 13:46:17.062  INFO 19816 --- [    Test worker] .b.t.c.SpringBootTestContextBootstrapper : Loaded default TestExecutionListener class names from location [META-INF/spring.factories]: [org.springframework.boot.test.autoconfigure.restdocs.RestDocsTestExecutionListener, org.springframework.boot.test.autoconfigure.web.client.MockRestServiceServerResetTestExecutionListener, org.springframework.boot.test.autoconfigure.web.servlet.MockMvcPrintOnlyOnFailureTestExecutionListener, org.springframework.boot.test.autoconfigure.web.servlet.WebDriverTestExecutionListener, org.springframework.boot.test.autoconfigure.webservices.client.MockWebServiceServerTestExecutionListener, org.springframework.boot.test.mock.mockito.MockitoTestExecutionListener, org.springframework.boot.test.mock.mockito.ResetMocksTestExecutionListener, org.springframework.test.context.web.ServletTestExecutionListener, org.springframework.test.context.support.DirtiesContextBeforeModesTestExecutionListener, org.springframework.test.context.support.DependencyInjectionTestExecutionListener, org.springframework.test.context.support.DirtiesContextTestExecutionListener, org.springframework.test.context.transaction.TransactionalTestExecutionListener, org.springframework.test.context.jdbc.SqlScriptsTestExecutionListener, org.springframework.test.context.event.EventPublishingTestExecutionListener]
2022-12-18 13:46:17.062  INFO 19816 --- [    Test worker] .b.t.c.SpringBootTestContextBootstrapper : Using TestExecutionListeners: [org.springframework.test.context.web.ServletTestExecutionListener@747fb4b1, org.springframework.test.context.support.DirtiesContextBeforeModesTestExecutionListener@6924ff83, org.springframework.boot.test.mock.mockito.MockitoTestExecutionListener@e19908e, org.springframework.boot.test.autoconfigure.SpringBootDependencyInjectionTestExecutionListener@5312940c, org.springframework.test.context.support.DirtiesContextTestExecutionListener@5ac168e3, org.springframework.test.context.transaction.TransactionalTestExecutionListener@14574cdf, org.springframework.test.context.jdbc.SqlScriptsTestExecutionListener@5608233b, org.springframework.test.context.event.EventPublishingTestExecutionListener@11fd6f02, org.springframework.boot.test.autoconfigure.restdocs.RestDocsTestExecutionListener@40aa9bae, org.springframework.boot.test.autoconfigure.web.client.MockRestServiceServerResetTestExecutionListener@6eb506d0, org.springframework.boot.test.autoconfigure.web.servlet.MockMvcPrintOnlyOnFailureTestExecutionListener@79b3f1c6, org.springframework.boot.test.autoconfigure.web.servlet.WebDriverTestExecutionListener@3cc148d, org.springframework.boot.test.autoconfigure.webservices.client.MockWebServiceServerTestExecutionListener@172f88b1, org.springframework.boot.test.mock.mockito.ResetMocksTestExecutionListener@51ea9f02]

  .   ____          _            __ _ _
 /\\ / ___'_ __ _ _(_)_ __  __ _ \ \ \ \
( ( )\___ | '_ | '_| | '_ \/ _` | \ \ \ \
 \\/  ___)| |_)| | | | | || (_| |  ) ) ) )
  '  |____| .__|_| |_|_| |_\__, | / / / /
 =========|_|==============|___/=/_/_/_/
 :: Spring Boot ::        (v2.3.5.RELEASE)

2022-12-18 13:46:17.110  INFO 19816 --- [    Test worker] n.t.s.t.a.integration.UsersTests         : Starting UsersTests on MSI-F1L0 with PID 19816 (started by filip in C:\Users\filip\Desktop\TUDelft\SEM\SEM09b\authentication-microservice)
2022-12-18 13:46:17.110  INFO 19816 --- [    Test worker] n.t.s.t.a.integration.UsersTests         : The following profiles are active: mockAuthenticationManager,mockPasswordEncoder,mockTokenGenerator,test
2022-12-18 13:46:17.218  INFO 19816 --- [    Test worker] .s.d.r.c.RepositoryConfigurationDelegate : Bootstrapping Spring Data JPA repositories in DEFAULT mode.
2022-12-18 13:46:17.226  INFO 19816 --- [    Test worker] .s.d.r.c.RepositoryConfigurationDelegate : Finished Spring Data repository scanning in 8ms. Found 1 JPA repository interfaces.
2022-12-18 13:46:17.329  INFO 19816 --- [    Test worker] o.hibernate.jpa.internal.util.LogHelper  : HHH000204: Processing PersistenceUnitInfo [name: default]
2022-12-18 13:46:17.335  INFO 19816 --- [    Test worker] org.hibernate.dialect.Dialect            : HHH000400: Using dialect: org.hibernate.dialect.H2Dialect
2022-12-18 13:46:17.360  INFO 19816 --- [    Test worker] o.h.e.t.j.p.i.JtaPlatformInitiator       : HHH000490: Using JtaPlatform implementation: [org.hibernate.engine.transaction.jta.platform.internal.NoJtaPlatform]
2022-12-18 13:46:17.360  INFO 19816 --- [    Test worker] j.LocalContainerEntityManagerFactoryBean : Initialized JPA EntityManagerFactory for persistence unit 'default'
2022-12-18 13:46:17.425  WARN 19816 --- [    Test worker] JpaBaseConfiguration$JpaWebConfiguration : spring.jpa.open-in-view is enabled by default. Therefore, database queries may be performed during view rendering. Explicitly configure spring.jpa.open-in-view to disable this warning
2022-12-18 13:46:17.581  INFO 19816 --- [    Test worker] o.s.s.concurrent.ThreadPoolTaskExecutor  : Initializing ExecutorService 'applicationTaskExecutor'
2022-12-18 13:46:17.756  INFO 19816 --- [    Test worker] o.s.s.web.DefaultSecurityFilterChain     : Creating filter chain: any request, [org.springframework.security.web.context.request.async.WebAsyncManagerIntegrationFilter@7940d27b, org.springframework.security.web.context.SecurityContextPersistenceFilter@5ea4abef, org.springframework.security.web.header.HeaderWriterFilter@644ae4ff, org.springframework.security.web.authentication.logout.LogoutFilter@18accf9c, org.springframework.security.web.savedrequest.RequestCacheAwareFilter@3a4ddaed, org.springframework.security.web.servletapi.SecurityContextHolderAwareRequestFilter@993bc47, org.springframework.security.web.authentication.AnonymousAuthenticationFilter@19e3ce9a, org.springframework.security.web.session.SessionManagementFilter@2a080ba3, org.springframework.security.web.access.ExceptionTranslationFilter@67f07fa1, org.springframework.security.web.access.intercept.FilterSecurityInterceptor@225fc6a2]
2022-12-18 13:46:17.799  INFO 19816 --- [    Test worker] o.s.b.t.m.w.SpringBootMockServletContext : Initializing Spring TestDispatcherServlet ''
2022-12-18 13:46:17.799  INFO 19816 --- [    Test worker] o.s.t.web.servlet.TestDispatcherServlet  : Initializing Servlet ''
2022-12-18 13:46:17.811  INFO 19816 --- [    Test worker] o.s.t.web.servlet.TestDispatcherServlet  : Completed initialization in 12 ms
2022-12-18 13:46:17.818  INFO 19816 --- [    Test worker] n.t.s.t.a.integration.UsersTests         : Started UsersTests in 0.754 seconds (JVM running for 9.811)
2022-12-18 13:46:17.822  INFO 19816 --- [    Test worker] o.s.s.concurrent.ThreadPoolTaskExecutor  : Shutting down ExecutorService 'applicationTaskExecutor'
2022-12-18 13:46:17.823  INFO 19816 --- [    Test worker] j.LocalContainerEntityManagerFactoryBean : Closing JPA EntityManagerFactory for persistence unit 'default'
2022-12-18 13:46:17.823  INFO 19816 --- [    Test worker] .SchemaDropperImpl$DelayedDropActionImpl : HHH000477: Starting delayed evictData of schema as part of SessionFactory shut-down'

  .   ____          _            __ _ _
 /\\ / ___'_ __ _ _(_)_ __  __ _ \ \ \ \
( ( )\___ | '_ | '_| | '_ \/ _` | \ \ \ \
 \\/  ___)| |_)| | | | | || (_| |  ) ) ) )
  '  |____| .__|_| |_|_| |_\__, | / / / /
 =========|_|==============|___/=/_/_/_/
 :: Spring Boot ::        (v2.3.5.RELEASE)

2022-12-18 13:46:17.876  INFO 19816 --- [    Test worker] n.t.s.t.a.integration.UsersTests         : Starting UsersTests on MSI-F1L0 with PID 19816 (started by filip in C:\Users\filip\Desktop\TUDelft\SEM\SEM09b\authentication-microservice)
2022-12-18 13:46:17.876  INFO 19816 --- [    Test worker] n.t.s.t.a.integration.UsersTests         : The following profiles are active: mockAuthenticationManager,mockPasswordEncoder,mockTokenGenerator,test
2022-12-18 13:46:17.978  INFO 19816 --- [    Test worker] .s.d.r.c.RepositoryConfigurationDelegate : Bootstrapping Spring Data JPA repositories in DEFAULT mode.
2022-12-18 13:46:17.987  INFO 19816 --- [    Test worker] .s.d.r.c.RepositoryConfigurationDelegate : Finished Spring Data repository scanning in 8ms. Found 1 JPA repository interfaces.
2022-12-18 13:46:18.081  INFO 19816 --- [    Test worker] o.hibernate.jpa.internal.util.LogHelper  : HHH000204: Processing PersistenceUnitInfo [name: default]
2022-12-18 13:46:18.087  INFO 19816 --- [    Test worker] org.hibernate.dialect.Dialect            : HHH000400: Using dialect: org.hibernate.dialect.H2Dialect
2022-12-18 13:46:18.110  INFO 19816 --- [    Test worker] o.h.e.t.j.p.i.JtaPlatformInitiator       : HHH000490: Using JtaPlatform implementation: [org.hibernate.engine.transaction.jta.platform.internal.NoJtaPlatform]
2022-12-18 13:46:18.110  INFO 19816 --- [    Test worker] j.LocalContainerEntityManagerFactoryBean : Initialized JPA EntityManagerFactory for persistence unit 'default'
2022-12-18 13:46:18.175  WARN 19816 --- [    Test worker] JpaBaseConfiguration$JpaWebConfiguration : spring.jpa.open-in-view is enabled by default. Therefore, database queries may be performed during view rendering. Explicitly configure spring.jpa.open-in-view to disable this warning
2022-12-18 13:46:18.301  INFO 19816 --- [    Test worker] o.s.s.concurrent.ThreadPoolTaskExecutor  : Initializing ExecutorService 'applicationTaskExecutor'
2022-12-18 13:46:18.484  INFO 19816 --- [    Test worker] o.s.s.web.DefaultSecurityFilterChain     : Creating filter chain: any request, [org.springframework.security.web.context.request.async.WebAsyncManagerIntegrationFilter@7af22a6, org.springframework.security.web.context.SecurityContextPersistenceFilter@7fb689fe, org.springframework.security.web.header.HeaderWriterFilter@57eb4b8b, org.springframework.security.web.authentication.logout.LogoutFilter@28debadc, org.springframework.security.web.savedrequest.RequestCacheAwareFilter@1a30ec16, org.springframework.security.web.servletapi.SecurityContextHolderAwareRequestFilter@170a5bc8, org.springframework.security.web.authentication.AnonymousAuthenticationFilter@6499fda5, org.springframework.security.web.session.SessionManagementFilter@1ffd6df2, org.springframework.security.web.access.ExceptionTranslationFilter@38ebb117, org.springframework.security.web.access.intercept.FilterSecurityInterceptor@2f087301]
2022-12-18 13:46:18.517  INFO 19816 --- [    Test worker] o.s.b.t.m.w.SpringBootMockServletContext : Initializing Spring TestDispatcherServlet ''
2022-12-18 13:46:18.517  INFO 19816 --- [    Test worker] o.s.t.web.servlet.TestDispatcherServlet  : Initializing Servlet ''
2022-12-18 13:46:18.521  INFO 19816 --- [    Test worker] o.s.t.web.servlet.TestDispatcherServlet  : Completed initialization in 4 ms
2022-12-18 13:46:18.525  INFO 19816 --- [    Test worker] n.t.s.t.a.integration.UsersTests         : Started UsersTests in 0.698 seconds (JVM running for 10.517)
Account (SomeUser) was created.
2022-12-18 13:46:18.614  INFO 19816 --- [    Test worker] o.s.s.concurrent.ThreadPoolTaskExecutor  : Shutting down ExecutorService 'applicationTaskExecutor'
2022-12-18 13:46:18.614  INFO 19816 --- [    Test worker] j.LocalContainerEntityManagerFactoryBean : Closing JPA EntityManagerFactory for persistence unit 'default'
2022-12-18 13:46:18.615  INFO 19816 --- [    Test worker] .SchemaDropperImpl$DelayedDropActionImpl : HHH000477: Starting delayed evictData of schema as part of SessionFactory shut-down'

  .   ____          _            __ _ _
 /\\ / ___'_ __ _ _(_)_ __  __ _ \ \ \ \
( ( )\___ | '_ | '_| | '_ \/ _` | \ \ \ \
 \\/  ___)| |_)| | | | | || (_| |  ) ) ) )
  '  |____| .__|_| |_|_| |_\__, | / / / /
 =========|_|==============|___/=/_/_/_/
 :: Spring Boot ::        (v2.3.5.RELEASE)

2022-12-18 13:46:18.660  INFO 19816 --- [    Test worker] n.t.s.t.a.integration.UsersTests         : Starting UsersTests on MSI-F1L0 with PID 19816 (started by filip in C:\Users\filip\Desktop\TUDelft\SEM\SEM09b\authentication-microservice)
2022-12-18 13:46:18.660  INFO 19816 --- [    Test worker] n.t.s.t.a.integration.UsersTests         : The following profiles are active: mockAuthenticationManager,mockPasswordEncoder,mockTokenGenerator,test
2022-12-18 13:46:18.760  INFO 19816 --- [    Test worker] .s.d.r.c.RepositoryConfigurationDelegate : Bootstrapping Spring Data JPA repositories in DEFAULT mode.
2022-12-18 13:46:18.768  INFO 19816 --- [    Test worker] .s.d.r.c.RepositoryConfigurationDelegate : Finished Spring Data repository scanning in 7ms. Found 1 JPA repository interfaces.
2022-12-18 13:46:18.863  INFO 19816 --- [    Test worker] o.hibernate.jpa.internal.util.LogHelper  : HHH000204: Processing PersistenceUnitInfo [name: default]
2022-12-18 13:46:18.869  INFO 19816 --- [    Test worker] org.hibernate.dialect.Dialect            : HHH000400: Using dialect: org.hibernate.dialect.H2Dialect
2022-12-18 13:46:18.890  INFO 19816 --- [    Test worker] o.h.e.t.j.p.i.JtaPlatformInitiator       : HHH000490: Using JtaPlatform implementation: [org.hibernate.engine.transaction.jta.platform.internal.NoJtaPlatform]
2022-12-18 13:46:18.891  INFO 19816 --- [    Test worker] j.LocalContainerEntityManagerFactoryBean : Initialized JPA EntityManagerFactory for persistence unit 'default'
2022-12-18 13:46:18.948  WARN 19816 --- [    Test worker] JpaBaseConfiguration$JpaWebConfiguration : spring.jpa.open-in-view is enabled by default. Therefore, database queries may be performed during view rendering. Explicitly configure spring.jpa.open-in-view to disable this warning
2022-12-18 13:46:19.086  INFO 19816 --- [    Test worker] o.s.s.concurrent.ThreadPoolTaskExecutor  : Initializing ExecutorService 'applicationTaskExecutor'
2022-12-18 13:46:19.237  INFO 19816 --- [    Test worker] o.s.s.web.DefaultSecurityFilterChain     : Creating filter chain: any request, [org.springframework.security.web.context.request.async.WebAsyncManagerIntegrationFilter@a3a54d6, org.springframework.security.web.context.SecurityContextPersistenceFilter@58bf45ca, org.springframework.security.web.header.HeaderWriterFilter@6e530ccc, org.springframework.security.web.authentication.logout.LogoutFilter@2fcc32ae, org.springframework.security.web.savedrequest.RequestCacheAwareFilter@42c661d4, org.springframework.security.web.servletapi.SecurityContextHolderAwareRequestFilter@3405202c, org.springframework.security.web.authentication.AnonymousAuthenticationFilter@2a794780, org.springframework.security.web.session.SessionManagementFilter@f56c2a0, org.springframework.security.web.access.ExceptionTranslationFilter@35c5e4c5, org.springframework.security.web.access.intercept.FilterSecurityInterceptor@7d4a6213]
2022-12-18 13:46:19.263  INFO 19816 --- [    Test worker] o.s.b.t.m.w.SpringBootMockServletContext : Initializing Spring TestDispatcherServlet ''
2022-12-18 13:46:19.263  INFO 19816 --- [    Test worker] o.s.t.web.servlet.TestDispatcherServlet  : Initializing Servlet ''
2022-12-18 13:46:19.267  INFO 19816 --- [    Test worker] o.s.t.web.servlet.TestDispatcherServlet  : Completed initialization in 4 ms
2022-12-18 13:46:19.270  INFO 19816 --- [    Test worker] n.t.s.t.a.integration.UsersTests         : Started UsersTests in 0.651 seconds (JVM running for 11.263)
Account (SomeUser) was created.
2022-12-18 13:46:19.301  INFO 19816 --- [    Test worker] o.s.s.concurrent.ThreadPoolTaskExecutor  : Shutting down ExecutorService 'applicationTaskExecutor'
2022-12-18 13:46:19.302  INFO 19816 --- [    Test worker] j.LocalContainerEntityManagerFactoryBean : Closing JPA EntityManagerFactory for persistence unit 'default'
2022-12-18 13:46:19.302  INFO 19816 --- [    Test worker] .SchemaDropperImpl$DelayedDropActionImpl : HHH000477: Starting delayed evictData of schema as part of SessionFactory shut-down'

  .   ____          _            __ _ _
 /\\ / ___'_ __ _ _(_)_ __  __ _ \ \ \ \
( ( )\___ | '_ | '_| | '_ \/ _` | \ \ \ \
 \\/  ___)| |_)| | | | | || (_| |  ) ) ) )
  '  |____| .__|_| |_|_| |_\__, | / / / /
 =========|_|==============|___/=/_/_/_/
 :: Spring Boot ::        (v2.3.5.RELEASE)

2022-12-18 13:46:19.346  INFO 19816 --- [    Test worker] n.t.s.t.a.integration.UsersTests         : Starting UsersTests on MSI-F1L0 with PID 19816 (started by filip in C:\Users\filip\Desktop\TUDelft\SEM\SEM09b\authentication-microservice)
2022-12-18 13:46:19.346  INFO 19816 --- [    Test worker] n.t.s.t.a.integration.UsersTests         : The following profiles are active: mockAuthenticationManager,mockPasswordEncoder,mockTokenGenerator,test
2022-12-18 13:46:19.443  INFO 19816 --- [    Test worker] .s.d.r.c.RepositoryConfigurationDelegate : Bootstrapping Spring Data JPA repositories in DEFAULT mode.
2022-12-18 13:46:19.451  INFO 19816 --- [    Test worker] .s.d.r.c.RepositoryConfigurationDelegate : Finished Spring Data repository scanning in 7ms. Found 1 JPA repository interfaces.
2022-12-18 13:46:19.543  INFO 19816 --- [    Test worker] o.hibernate.jpa.internal.util.LogHelper  : HHH000204: Processing PersistenceUnitInfo [name: default]
2022-12-18 13:46:19.549  INFO 19816 --- [    Test worker] org.hibernate.dialect.Dialect            : HHH000400: Using dialect: org.hibernate.dialect.H2Dialect
2022-12-18 13:46:19.570  INFO 19816 --- [    Test worker] o.h.e.t.j.p.i.JtaPlatformInitiator       : HHH000490: Using JtaPlatform implementation: [org.hibernate.engine.transaction.jta.platform.internal.NoJtaPlatform]
2022-12-18 13:46:19.570  INFO 19816 --- [    Test worker] j.LocalContainerEntityManagerFactoryBean : Initialized JPA EntityManagerFactory for persistence unit 'default'
2022-12-18 13:46:19.631  WARN 19816 --- [    Test worker] JpaBaseConfiguration$JpaWebConfiguration : spring.jpa.open-in-view is enabled by default. Therefore, database queries may be performed during view rendering. Explicitly configure spring.jpa.open-in-view to disable this warning
2022-12-18 13:46:19.748  INFO 19816 --- [    Test worker] o.s.s.concurrent.ThreadPoolTaskExecutor  : Initializing ExecutorService 'applicationTaskExecutor'
2022-12-18 13:46:19.909  INFO 19816 --- [    Test worker] o.s.s.web.DefaultSecurityFilterChain     : Creating filter chain: any request, [org.springframework.security.web.context.request.async.WebAsyncManagerIntegrationFilter@f905f3e, org.springframework.security.web.context.SecurityContextPersistenceFilter@3f698ab8, org.springframework.security.web.header.HeaderWriterFilter@5baa759a, org.springframework.security.web.authentication.logout.LogoutFilter@6137a032, org.springframework.security.web.savedrequest.RequestCacheAwareFilter@4d2bac23, org.springframework.security.web.servletapi.SecurityContextHolderAwareRequestFilter@452506b9, org.springframework.security.web.authentication.AnonymousAuthenticationFilter@178e125f, org.springframework.security.web.session.SessionManagementFilter@310cd0d2, org.springframework.security.web.access.ExceptionTranslationFilter@2b7b2967, org.springframework.security.web.access.intercept.FilterSecurityInterceptor@14726e69]
2022-12-18 13:46:19.938  INFO 19816 --- [    Test worker] o.s.b.t.m.w.SpringBootMockServletContext : Initializing Spring TestDispatcherServlet ''
2022-12-18 13:46:19.938  INFO 19816 --- [    Test worker] o.s.t.web.servlet.TestDispatcherServlet  : Initializing Servlet ''
2022-12-18 13:46:19.942  INFO 19816 --- [    Test worker] o.s.t.web.servlet.TestDispatcherServlet  : Completed initialization in 4 ms
2022-12-18 13:46:19.946  INFO 19816 --- [    Test worker] n.t.s.t.a.integration.UsersTests         : Started UsersTests in 0.642 seconds (JVM running for 11.938)
Account (SomeUser) was created.
2022-12-18 13:46:19.965  INFO 19816 --- [    Test worker] o.s.s.concurrent.ThreadPoolTaskExecutor  : Shutting down ExecutorService 'applicationTaskExecutor'
2022-12-18 13:46:19.965  INFO 19816 --- [    Test worker] j.LocalContainerEntityManagerFactoryBean : Closing JPA EntityManagerFactory for persistence unit 'default'
2022-12-18 13:46:19.965  INFO 19816 --- [    Test worker] .SchemaDropperImpl$DelayedDropActionImpl : HHH000477: Starting delayed evictData of schema as part of SessionFactory shut-down'

  .   ____          _            __ _ _
 /\\ / ___'_ __ _ _(_)_ __  __ _ \ \ \ \
( ( )\___ | '_ | '_| | '_ \/ _` | \ \ \ \
 \\/  ___)| |_)| | | | | || (_| |  ) ) ) )
  '  |____| .__|_| |_|_| |_\__, | / / / /
 =========|_|==============|___/=/_/_/_/
 :: Spring Boot ::        (v2.3.5.RELEASE)

2022-12-18 13:46:20.008  INFO 19816 --- [    Test worker] n.t.s.t.a.integration.UsersTests         : Starting UsersTests on MSI-F1L0 with PID 19816 (started by filip in C:\Users\filip\Desktop\TUDelft\SEM\SEM09b\authentication-microservice)
2022-12-18 13:46:20.009  INFO 19816 --- [    Test worker] n.t.s.t.a.integration.UsersTests         : The following profiles are active: mockAuthenticationManager,mockPasswordEncoder,mockTokenGenerator,test
2022-12-18 13:46:20.106  INFO 19816 --- [    Test worker] .s.d.r.c.RepositoryConfigurationDelegate : Bootstrapping Spring Data JPA repositories in DEFAULT mode.
2022-12-18 13:46:20.114  INFO 19816 --- [    Test worker] .s.d.r.c.RepositoryConfigurationDelegate : Finished Spring Data repository scanning in 8ms. Found 1 JPA repository interfaces.
2022-12-18 13:46:20.209  INFO 19816 --- [    Test worker] o.hibernate.jpa.internal.util.LogHelper  : HHH000204: Processing PersistenceUnitInfo [name: default]
2022-12-18 13:46:20.214  INFO 19816 --- [    Test worker] org.hibernate.dialect.Dialect            : HHH000400: Using dialect: org.hibernate.dialect.H2Dialect
2022-12-18 13:46:20.236  INFO 19816 --- [    Test worker] o.h.e.t.j.p.i.JtaPlatformInitiator       : HHH000490: Using JtaPlatform implementation: [org.hibernate.engine.transaction.jta.platform.internal.NoJtaPlatform]
2022-12-18 13:46:20.236  INFO 19816 --- [    Test worker] j.LocalContainerEntityManagerFactoryBean : Initialized JPA EntityManagerFactory for persistence unit 'default'
2022-12-18 13:46:20.293  WARN 19816 --- [    Test worker] JpaBaseConfiguration$JpaWebConfiguration : spring.jpa.open-in-view is enabled by default. Therefore, database queries may be performed during view rendering. Explicitly configure spring.jpa.open-in-view to disable this warning
2022-12-18 13:46:20.410  INFO 19816 --- [    Test worker] o.s.s.concurrent.ThreadPoolTaskExecutor  : Initializing ExecutorService 'applicationTaskExecutor'
2022-12-18 13:46:20.541  INFO 19816 --- [    Test worker] o.s.s.web.DefaultSecurityFilterChain     : Creating filter chain: any request, [org.springframework.security.web.context.request.async.WebAsyncManagerIntegrationFilter@3789bd95, org.springframework.security.web.context.SecurityContextPersistenceFilter@33b92d63, org.springframework.security.web.header.HeaderWriterFilter@cd2f8c0, org.springframework.security.web.authentication.logout.LogoutFilter@590cdb9a, org.springframework.security.web.savedrequest.RequestCacheAwareFilter@69339b3b, org.springframework.security.web.servletapi.SecurityContextHolderAwareRequestFilter@723c6a25, org.springframework.security.web.authentication.AnonymousAuthenticationFilter@70382eb1, org.springframework.security.web.session.SessionManagementFilter@4e23fd4f, org.springframework.security.web.access.ExceptionTranslationFilter@6e9698cf, org.springframework.security.web.access.intercept.FilterSecurityInterceptor@63112b]
2022-12-18 13:46:20.565  INFO 19816 --- [    Test worker] o.s.b.t.m.w.SpringBootMockServletContext : Initializing Spring TestDispatcherServlet ''
2022-12-18 13:46:20.565  INFO 19816 --- [    Test worker] o.s.t.web.servlet.TestDispatcherServlet  : Initializing Servlet ''
2022-12-18 13:46:20.570  INFO 19816 --- [    Test worker] o.s.t.web.servlet.TestDispatcherServlet  : Completed initialization in 5 ms
2022-12-18 13:46:20.573  INFO 19816 --- [    Test worker] n.t.s.t.a.integration.UsersTests         : Started UsersTests in 0.606 seconds (JVM running for 12.566)
2022-12-18 13:46:20.583  INFO 19816 --- [    Test worker] o.s.s.concurrent.ThreadPoolTaskExecutor  : Shutting down ExecutorService 'applicationTaskExecutor'
2022-12-18 13:46:20.584  INFO 19816 --- [    Test worker] j.LocalContainerEntityManagerFactoryBean : Closing JPA EntityManagerFactory for persistence unit 'default'
2022-12-18 13:46:20.584  INFO 19816 --- [    Test worker] .SchemaDropperImpl$DelayedDropActionImpl : HHH000477: Starting delayed evictData of schema as part of SessionFactory shut-down'

  .   ____          _            __ _ _
 /\\ / ___'_ __ _ _(_)_ __  __ _ \ \ \ \
( ( )\___ | '_ | '_| | '_ \/ _` | \ \ \ \
 \\/  ___)| |_)| | | | | || (_| |  ) ) ) )
  '  |____| .__|_| |_|_| |_\__, | / / / /
 =========|_|==============|___/=/_/_/_/
 :: Spring Boot ::        (v2.3.5.RELEASE)

2022-12-18 13:46:20.627  INFO 19816 --- [    Test worker] n.t.s.t.a.integration.UsersTests         : Starting UsersTests on MSI-F1L0 with PID 19816 (started by filip in C:\Users\filip\Desktop\TUDelft\SEM\SEM09b\authentication-microservice)
2022-12-18 13:46:20.627  INFO 19816 --- [    Test worker] n.t.s.t.a.integration.UsersTests         : The following profiles are active: mockAuthenticationManager,mockPasswordEncoder,mockTokenGenerator,test
2022-12-18 13:46:20.719  INFO 19816 --- [    Test worker] .s.d.r.c.RepositoryConfigurationDelegate : Bootstrapping Spring Data JPA repositories in DEFAULT mode.
2022-12-18 13:46:20.728  INFO 19816 --- [    Test worker] .s.d.r.c.RepositoryConfigurationDelegate : Finished Spring Data repository scanning in 8ms. Found 1 JPA repository interfaces.
2022-12-18 13:46:20.819  INFO 19816 --- [    Test worker] o.hibernate.jpa.internal.util.LogHelper  : HHH000204: Processing PersistenceUnitInfo [name: default]
2022-12-18 13:46:20.825  INFO 19816 --- [    Test worker] org.hibernate.dialect.Dialect            : HHH000400: Using dialect: org.hibernate.dialect.H2Dialect
2022-12-18 13:46:20.845  INFO 19816 --- [    Test worker] o.h.e.t.j.p.i.JtaPlatformInitiator       : HHH000490: Using JtaPlatform implementation: [org.hibernate.engine.transaction.jta.platform.internal.NoJtaPlatform]
2022-12-18 13:46:20.845  INFO 19816 --- [    Test worker] j.LocalContainerEntityManagerFactoryBean : Initialized JPA EntityManagerFactory for persistence unit 'default'
2022-12-18 13:46:20.916  WARN 19816 --- [    Test worker] JpaBaseConfiguration$JpaWebConfiguration : spring.jpa.open-in-view is enabled by default. Therefore, database queries may be performed during view rendering. Explicitly configure spring.jpa.open-in-view to disable this warning
2022-12-18 13:46:21.015  INFO 19816 --- [    Test worker] o.s.s.concurrent.ThreadPoolTaskExecutor  : Initializing ExecutorService 'applicationTaskExecutor'
2022-12-18 13:46:21.162  INFO 19816 --- [    Test worker] o.s.s.web.DefaultSecurityFilterChain     : Creating filter chain: any request, [org.springframework.security.web.context.request.async.WebAsyncManagerIntegrationFilter@f1349ce, org.springframework.security.web.context.SecurityContextPersistenceFilter@526ee5e6, org.springframework.security.web.header.HeaderWriterFilter@7dbcbc7b, org.springframework.security.web.authentication.logout.LogoutFilter@1f6460f5, org.springframework.security.web.savedrequest.RequestCacheAwareFilter@31423ae6, org.springframework.security.web.servletapi.SecurityContextHolderAwareRequestFilter@298517d1, org.springframework.security.web.authentication.AnonymousAuthenticationFilter@6be68eba, org.springframework.security.web.session.SessionManagementFilter@642ef710, org.springframework.security.web.access.ExceptionTranslationFilter@edda257, org.springframework.security.web.access.intercept.FilterSecurityInterceptor@3f95bc9d]
2022-12-18 13:46:21.185  INFO 19816 --- [    Test worker] o.s.b.t.m.w.SpringBootMockServletContext : Initializing Spring TestDispatcherServlet ''
2022-12-18 13:46:21.185  INFO 19816 --- [    Test worker] o.s.t.web.servlet.TestDispatcherServlet  : Initializing Servlet ''
2022-12-18 13:46:21.189  INFO 19816 --- [    Test worker] o.s.t.web.servlet.TestDispatcherServlet  : Completed initialization in 4 ms
2022-12-18 13:46:21.192  INFO 19816 --- [    Test worker] n.t.s.t.a.integration.UsersTests         : Started UsersTests in 0.605 seconds (JVM running for 13.184)
Account (SomeUser) was created.
]]></system-out>
  <system-err><![CDATA[]]></system-err>
</testsuite>
