<?xml version="1.0" encoding="UTF-8"?>
<testsuite name="nl.tudelft.sem.template.example.authentication.JwtTokenVerifierTests" tests="5" skipped="0" failures="0" errors="0" timestamp="2022-12-13T14:19:42" hostname="MSI-F1L0" time="0.223">
  <properties/>
  <testcase name="validateExpiredToken()" classname="nl.tudelft.sem.template.example.authentication.JwtTokenVerifierTests" time="0.211"/>
  <testcase name="parseNetid()" classname="nl.tudelft.sem.template.example.authentication.JwtTokenVerifierTests" time="0.003"/>
  <testcase name="validateTokenIncorrectSignature()" classname="nl.tudelft.sem.template.example.authentication.JwtTokenVerifierTests" time="0.002"/>
  <testcase name="validateNonExpiredToken()" classname="nl.tudelft.sem.template.example.authentication.JwtTokenVerifierTests" time="0.003"/>
  <testcase name="validateMalformedToken()" classname="nl.tudelft.sem.template.example.authentication.JwtTokenVerifierTests" time="0.001"/>
  <system-out><![CDATA[]]></system-out>
  <system-err><![CDATA[]]></system-err>
</testsuite>
