<?xml version="1.0" encoding="UTF-8"?>
<testsuite name="nl.tudelft.sem.template.example.integration.ExampleTest" tests="1" skipped="0" failures="0" errors="0" timestamp="2022-11-27T13:08:18" hostname="MSI-F1L0" time="0.111">
  <properties/>
  <testcase name="helloWorld()" classname="nl.tudelft.sem.template.example.integration.ExampleTest" time="0.111"/>
  <system-out><![CDATA[14:08:16.001 [Test worker] DEBUG org.springframework.test.context.BootstrapUtils - Instantiating CacheAwareContextLoaderDelegate from class [org.springframework.test.context.cache.DefaultCacheAwareContextLoaderDelegate]
14:08:16.011 [Test worker] DEBUG org.springframework.test.context.BootstrapUtils - Instantiating BootstrapContext using constructor [public org.springframework.test.context.support.DefaultBootstrapContext(java.lang.Class,org.springframework.test.context.CacheAwareContextLoaderDelegate)]
14:08:16.046 [Test worker] DEBUG org.springframework.test.context.BootstrapUtils - Instantiating TestContextBootstrapper for test class [nl.tudelft.sem.template.example.integration.ExampleTest] from class [org.springframework.boot.test.context.SpringBootTestContextBootstrapper]
14:08:16.060 [Test worker] INFO org.springframework.boot.test.context.SpringBootTestContextBootstrapper - Neither @ContextConfiguration nor @ContextHierarchy found for test class [nl.tudelft.sem.template.example.integration.ExampleTest], using SpringBootContextLoader
14:08:16.064 [Test worker] DEBUG org.springframework.test.context.support.AbstractContextLoader - Did not detect default resource location for test class [nl.tudelft.sem.template.example.integration.ExampleTest]: class path resource [nl/tudelft/sem/template/example/integration/ExampleTest-context.xml] does not exist
14:08:16.065 [Test worker] DEBUG org.springframework.test.context.support.AbstractContextLoader - Did not detect default resource location for test class [nl.tudelft.sem.template.example.integration.ExampleTest]: class path resource [nl/tudelft/sem/template/example/integration/ExampleTestContext.groovy] does not exist
14:08:16.065 [Test worker] INFO org.springframework.test.context.support.AbstractContextLoader - Could not detect default resource locations for test class [nl.tudelft.sem.template.example.integration.ExampleTest]: no resource found for suffixes {-context.xml, Context.groovy}.
14:08:16.066 [Test worker] INFO org.springframework.test.context.support.AnnotationConfigContextLoaderUtils - Could not detect default configuration classes for test class [nl.tudelft.sem.template.example.integration.ExampleTest]: ExampleTest does not declare any static, non-private, non-final, nested classes annotated with @Configuration.
14:08:16.142 [Test worker] DEBUG org.springframework.context.annotation.ClassPathScanningCandidateComponentProvider - Identified candidate component class: file [C:\Users\filip\Desktop\TUDelft\SEM\SEM09b\example-microservice\build\classes\java\main\nl\tudelft\sem\template\example\Application.class]
14:08:16.143 [Test worker] INFO org.springframework.boot.test.context.SpringBootTestContextBootstrapper - Found @SpringBootConfiguration nl.tudelft.sem.template.example.Application for test class nl.tudelft.sem.template.example.integration.ExampleTest
14:08:16.209 [Test worker] DEBUG org.springframework.boot.test.context.SpringBootTestContextBootstrapper - @TestExecutionListeners is not present for class [nl.tudelft.sem.template.example.integration.ExampleTest]: using defaults.
14:08:16.210 [Test worker] INFO org.springframework.boot.test.context.SpringBootTestContextBootstrapper - Loaded default TestExecutionListener class names from location [META-INF/spring.factories]: [org.springframework.boot.test.autoconfigure.restdocs.RestDocsTestExecutionListener, org.springframework.boot.test.autoconfigure.web.client.MockRestServiceServerResetTestExecutionListener, org.springframework.boot.test.autoconfigure.web.servlet.MockMvcPrintOnlyOnFailureTestExecutionListener, org.springframework.boot.test.autoconfigure.web.servlet.WebDriverTestExecutionListener, org.springframework.boot.test.autoconfigure.webservices.client.MockWebServiceServerTestExecutionListener, org.springframework.boot.test.mock.mockito.MockitoTestExecutionListener, org.springframework.boot.test.mock.mockito.ResetMocksTestExecutionListener, org.springframework.test.context.web.ServletTestExecutionListener, org.springframework.test.context.support.DirtiesContextBeforeModesTestExecutionListener, org.springframework.test.context.support.DependencyInjectionTestExecutionListener, org.springframework.test.context.support.DirtiesContextTestExecutionListener, org.springframework.test.context.transaction.TransactionalTestExecutionListener, org.springframework.test.context.jdbc.SqlScriptsTestExecutionListener, org.springframework.test.context.event.EventPublishingTestExecutionListener]
14:08:16.223 [Test worker] INFO org.springframework.boot.test.context.SpringBootTestContextBootstrapper - Using TestExecutionListeners: [org.springframework.test.context.web.ServletTestExecutionListener@6ccac6f4, org.springframework.test.context.support.DirtiesContextBeforeModesTestExecutionListener@438c9aa7, org.springframework.boot.test.mock.mockito.MockitoTestExecutionListener@3453acd2, org.springframework.boot.test.autoconfigure.SpringBootDependencyInjectionTestExecutionListener@6c8f60f3, org.springframework.test.context.support.DirtiesContextTestExecutionListener@56c8e6f0, org.springframework.test.context.transaction.TransactionalTestExecutionListener@71b6172c, org.springframework.test.context.jdbc.SqlScriptsTestExecutionListener@58aa10f4, org.springframework.test.context.event.EventPublishingTestExecutionListener@4fb56bea, org.springframework.boot.test.autoconfigure.restdocs.RestDocsTestExecutionListener@5e5beb8a, org.springframework.boot.test.autoconfigure.web.client.MockRestServiceServerResetTestExecutionListener@1f95881a, org.springframework.boot.test.autoconfigure.web.servlet.MockMvcPrintOnlyOnFailureTestExecutionListener@17b016ac, org.springframework.boot.test.autoconfigure.web.servlet.WebDriverTestExecutionListener@733ec58b, org.springframework.boot.test.autoconfigure.webservices.client.MockWebServiceServerTestExecutionListener@723877dd, org.springframework.boot.test.mock.mockito.ResetMocksTestExecutionListener@415ef4d8]
14:08:16.225 [Test worker] DEBUG org.springframework.test.context.support.AbstractDirtiesContextTestExecutionListener - Before test class: context [DefaultTestContext@55b5cd2b testClass = ExampleTest, testInstance = [null], testMethod = [null], testException = [null], mergedContextConfiguration = [WebMergedContextConfiguration@40bb4f87 testClass = ExampleTest, locations = '{}', classes = '{class nl.tudelft.sem.template.example.Application}', contextInitializerClasses = '[]', activeProfiles = '{mockAuthenticationManager, mockTokenVerifier, test}', propertySourceLocations = '{}', propertySourceProperties = '{org.springframework.boot.test.context.SpringBootTestContextBootstrapper=true}', contextCustomizers = set[org.springframework.boot.test.autoconfigure.properties.PropertyMappingContextCustomizer@4b3fa0b3, org.springframework.boot.test.autoconfigure.web.servlet.WebDriverContextCustomizerFactory$Customizer@6f8aba08, [ImportsContextCustomizer@51a651c1 key = [org.springframework.boot.test.autoconfigure.web.servlet.MockMvcAutoConfiguration, org.springframework.boot.test.autoconfigure.web.servlet.MockMvcWebClientAutoConfiguration, org.springframework.boot.test.autoconfigure.web.servlet.MockMvcWebDriverAutoConfiguration, org.springframework.boot.autoconfigure.security.oauth2.client.servlet.OAuth2ClientAutoConfiguration, org.springframework.boot.autoconfigure.security.oauth2.resource.servlet.OAuth2ResourceServerAutoConfiguration, org.springframework.boot.autoconfigure.security.servlet.SecurityAutoConfiguration, org.springframework.boot.autoconfigure.security.servlet.SecurityFilterAutoConfiguration, org.springframework.boot.autoconfigure.security.servlet.UserDetailsServiceAutoConfiguration, org.springframework.boot.test.autoconfigure.web.servlet.MockMvcSecurityConfiguration]], org.springframework.boot.test.context.filter.ExcludeFilterContextCustomizer@7d32e714, org.springframework.boot.test.json.DuplicateJsonObjectContextCustomizerFactory$DuplicateJsonObjectContextCustomizer@18137eab, org.springframework.boot.test.mock.mockito.MockitoContextCustomizer@0, org.springframework.boot.test.web.client.TestRestTemplateContextCustomizer@73971965, org.springframework.boot.test.context.SpringBootTestArgs@1, org.springframework.boot.test.context.SpringBootTestWebEnvironment@1a245833], resourceBasePath = 'src/main/webapp', contextLoader = 'org.springframework.boot.test.context.SpringBootContextLoader', parent = [null]], attributes = map['org.springframework.test.context.web.ServletTestExecutionListener.activateListener' -> true]], class annotated with @DirtiesContext [false] with mode [null].
14:08:16.240 [Test worker] DEBUG org.springframework.core.env.StandardEnvironment - Activating profiles [mockAuthenticationManager, mockTokenVerifier, test]
14:08:16.243 [Test worker] DEBUG org.springframework.test.context.support.TestPropertySourceUtils - Adding inlined properties to environment: {spring.jmx.enabled=false, org.springframework.boot.test.context.SpringBootTestContextBootstrapper=true}

  .   ____          _            __ _ _
 /\\ / ___'_ __ _ _(_)_ __  __ _ \ \ \ \
( ( )\___ | '_ | '_| | '_ \/ _` | \ \ \ \
 \\/  ___)| |_)| | | | | || (_| |  ) ) ) )
  '  |____| .__|_| |_|_| |_\__, | / / / /
 =========|_|==============|___/=/_/_/_/
 :: Spring Boot ::        (v2.3.5.RELEASE)

2022-11-27 14:08:16.447  INFO 18356 --- [    Test worker] n.t.s.t.example.integration.ExampleTest  : Starting ExampleTest on MSI-F1L0 with PID 18356 (started by filip in C:\Users\filip\Desktop\TUDelft\SEM\SEM09b\example-microservice)
2022-11-27 14:08:16.448  INFO 18356 --- [    Test worker] n.t.s.t.example.integration.ExampleTest  : The following profiles are active: mockAuthenticationManager,mockTokenVerifier,test
2022-11-27 14:08:16.803  INFO 18356 --- [    Test worker] .s.d.r.c.RepositoryConfigurationDelegate : Bootstrapping Spring Data JPA repositories in DEFAULT mode.
2022-11-27 14:08:16.812  INFO 18356 --- [    Test worker] .s.d.r.c.RepositoryConfigurationDelegate : Finished Spring Data repository scanning in 3ms. Found 0 JPA repository interfaces.
2022-11-27 14:08:17.397  INFO 18356 --- [    Test worker] o.hibernate.jpa.internal.util.LogHelper  : HHH000204: Processing PersistenceUnitInfo [name: default]
2022-11-27 14:08:17.444  INFO 18356 --- [    Test worker] org.hibernate.Version                    : HHH000412: Hibernate ORM core version 5.4.22.Final
2022-11-27 14:08:17.486  INFO 18356 --- [    Test worker] o.hibernate.annotations.common.Version   : HCANN000001: Hibernate Commons Annotations {5.1.0.Final}
2022-11-27 14:08:17.735  INFO 18356 --- [    Test worker] org.hibernate.dialect.Dialect            : HHH000400: Using dialect: org.hibernate.dialect.H2Dialect
2022-11-27 14:08:17.933  INFO 18356 --- [    Test worker] o.h.e.t.j.p.i.JtaPlatformInitiator       : HHH000490: Using JtaPlatform implementation: [org.hibernate.engine.transaction.jta.platform.internal.NoJtaPlatform]
2022-11-27 14:08:17.938  INFO 18356 --- [    Test worker] j.LocalContainerEntityManagerFactoryBean : Initialized JPA EntityManagerFactory for persistence unit 'default'
2022-11-27 14:08:18.027  WARN 18356 --- [    Test worker] JpaBaseConfiguration$JpaWebConfiguration : spring.jpa.open-in-view is enabled by default. Therefore, database queries may be performed during view rendering. Explicitly configure spring.jpa.open-in-view to disable this warning
2022-11-27 14:08:18.386  INFO 18356 --- [    Test worker] o.s.s.concurrent.ThreadPoolTaskExecutor  : Initializing ExecutorService 'applicationTaskExecutor'
2022-11-27 14:08:18.665  INFO 18356 --- [    Test worker] .s.s.UserDetailsServiceAutoConfiguration : 

Using generated security password: 1598fb94-1dcd-440d-8112-429c7cbfd31f

2022-11-27 14:08:18.784  INFO 18356 --- [    Test worker] o.s.s.web.DefaultSecurityFilterChain     : Creating filter chain: any request, [org.springframework.security.web.context.request.async.WebAsyncManagerIntegrationFilter@438a65a7, org.springframework.security.web.context.SecurityContextPersistenceFilter@da5b46f, org.springframework.security.web.header.HeaderWriterFilter@5c9168c3, org.springframework.security.web.authentication.logout.LogoutFilter@70ab1ce0, nl.tudelft.sem.template.example.authentication.JwtRequestFilter@7c359808, org.springframework.security.web.savedrequest.RequestCacheAwareFilter@5aefdb9e, org.springframework.security.web.servletapi.SecurityContextHolderAwareRequestFilter@5c1ea00, org.springframework.security.web.authentication.AnonymousAuthenticationFilter@543c887, org.springframework.security.web.session.SessionManagementFilter@2e564c78, org.springframework.security.web.access.ExceptionTranslationFilter@54cce500, org.springframework.security.web.access.intercept.FilterSecurityInterceptor@4779df3d]
2022-11-27 14:08:18.840  INFO 18356 --- [    Test worker] o.s.b.t.m.w.SpringBootMockServletContext : Initializing Spring TestDispatcherServlet ''
2022-11-27 14:08:18.840  INFO 18356 --- [    Test worker] o.s.t.web.servlet.TestDispatcherServlet  : Initializing Servlet ''
2022-11-27 14:08:18.849  INFO 18356 --- [    Test worker] o.s.t.web.servlet.TestDispatcherServlet  : Completed initialization in 9 ms
2022-11-27 14:08:18.865  INFO 18356 --- [    Test worker] n.t.s.t.example.integration.ExampleTest  : Started ExampleTest in 2.616 seconds (JVM running for 4.396)
]]></system-out>
  <system-err><![CDATA[Invalid authorization header
]]></system-err>
</testsuite>
