<?xml version="1.0" encoding="UTF-8"?>
<testsuite name="nl.tudelft.sem.template.example.authentication.JwtAuthenticationEntryPointTests" tests="1" skipped="0" failures="0" errors="0" timestamp="2022-11-27T13:08:15" hostname="MSI-F1L0" time="0.428">
  <properties/>
  <testcase name="commenceTest()" classname="nl.tudelft.sem.template.example.authentication.JwtAuthenticationEntryPointTests" time="0.428"/>
  <system-out><![CDATA[]]></system-out>
  <system-err><![CDATA[]]></system-err>
</testsuite>
